<?xml version="1.0" encoding="UTF-8"?>
<!-- Generated by org.testng.reporters.JUnitReportReporter -->
<testsuite hostname="LAPTOP-LRUNCPFQ" failures="0" tests="1" name="wallethub.ProjectReviewCompany" time="18.060" errors="0" timestamp="2022-05-27T04:10:41 IST" skipped="0">
  <testcase classname="wallethub.ProjectReviewCompany" name="login" time="18.060"/>
  <system-out>
    <![CDATA[Login successfull
The User's profile Url is https://wallethub.com/profile/68504035i]]>
  </system-out>
</testsuite> <!-- wallethub.ProjectReviewCompany -->
